<?xml version="1.0" encoding="UTF-8"?>
<!-- Generated by org.testng.reporters.JUnitReportReporter -->
<testsuite hostname="DESKTOP-R1BQD8J" failures="3" tests="15" name="runnerclass.RunnerClassForBellatrix" time="242.458" errors="1" timestamp="2023-10-30T06:57:15 IST" skipped="0">
  <testcase classname="runnerclass.RunnerClassForBellatrix" name="runScenario" time="18.657"/>
  <testcase classname="runnerclass.RunnerClassForBellatrix" name="runScenario" time="17.763"/>
  <testcase classname="runnerclass.RunnerClassForBellatrix" name="runScenario" time="11.965"/>
  <testcase classname="runnerclass.RunnerClassForBellatrix" name="runScenario" time="17.603"/>
  <testcase classname="runnerclass.RunnerClassForBellatrix" name="runScenario" time="21.250"/>
  <testcase classname="runnerclass.RunnerClassForBellatrix" name="runScenario" time="12.910"/>
  <testcase classname="runnerclass.RunnerClassForBellatrix" name="runScenario" time="13.411">
    <failure message="The following asserts failed:
	did not expect to find [true] but found [false],
	did not expect to find [true] but found [false],
	did not expect to find [true] but found [false],
	did not expect to find [true] but found [false]" type="java.lang.AssertionError">
      <![CDATA[java.lang.AssertionError: The following asserts failed:
did not expect to find [true] but found [false],
did not expect to find [true] but found [false],
did not expect to find [true] but found [false],
did not expect to find [true] but found [false]
at org.testng.asserts.SoftAssert.assertAll(SoftAssert.java:47)
at org.testng.asserts.SoftAssert.assertAll(SoftAssert.java:31)
at stepDefination.HomePageTestCase.get_ProductTitle(HomePageTestCase.java:58)
at ✽.Check All Product Title must be contain ProductName(file:///C:/Users/DELL/eclipse-workspace/Test/Matrimony/src/test/resources/Feature/HomePage.feature:17)
]]>
    </failure>
  </testcase> <!-- runScenario -->
  <testcase classname="runnerclass.RunnerClassForBellatrix" name="runScenario" time="17.809"/>
  <testcase classname="runnerclass.RunnerClassForBellatrix" name="runScenario" time="15.205">
    <failure message="The following asserts failed:
	did not expect to find [true] but found [false],
	did not expect to find [true] but found [false],
	did not expect to find [true] but found [false]" type="java.lang.AssertionError">
      <![CDATA[java.lang.AssertionError: The following asserts failed:
did not expect to find [true] but found [false],
did not expect to find [true] but found [false],
did not expect to find [true] but found [false]
at org.testng.asserts.SoftAssert.assertAll(SoftAssert.java:47)
at org.testng.asserts.SoftAssert.assertAll(SoftAssert.java:31)
at stepDefination.HomePageTestCase.get_ProductTitle(HomePageTestCase.java:58)
at ✽.Check All Product Title must be contain ProductName(file:///C:/Users/DELL/eclipse-workspace/Test/Matrimony/src/test/resources/Feature/HomePage.feature:17)
]]>
    </failure>
  </testcase> <!-- runScenario -->
  <testcase classname="runnerclass.RunnerClassForBellatrix" name="runScenario" time="12.864">
    <failure message="The following asserts failed:
	did not expect to find [true] but found [false]" type="java.lang.AssertionError">
      <![CDATA[java.lang.AssertionError: The following asserts failed:
did not expect to find [true] but found [false]
at org.testng.asserts.SoftAssert.assertAll(SoftAssert.java:47)
at org.testng.asserts.SoftAssert.assertAll(SoftAssert.java:31)
at stepDefination.HomePageTestCase.get_ProductTitle(HomePageTestCase.java:58)
at ✽.Check All Product Title must be contain ProductName(file:///C:/Users/DELL/eclipse-workspace/Test/Matrimony/src/test/resources/Feature/HomePage.feature:17)
]]>
    </failure>
  </testcase> <!-- runScenario -->
  <testcase classname="runnerclass.RunnerClassForBellatrix" name="runScenario" time="12.600">
    <error message="no such element: Unable to locate element: {&quot;method&quot;:&quot;css selector&quot;,&quot;selector&quot;:&quot;a[aria-label=&#039;Read more about “Proton-M”&#039;]&quot;}
  (Session info: chrome=118.0.5993.118)
For documentation on this error, please visit: https://www.selenium.dev/documentation/webdriver/troubleshooting/errors#no-such-element-exception
Build info: version: &#039;4.11.0&#039;, revision: &#039;040bc5406b&#039;
System info: os.name: &#039;Windows 10&#039;, os.arch: &#039;amd64&#039;, os.version: &#039;10.0&#039;, java.version: &#039;11.0.17&#039;
Driver info: org.openqa.selenium.chrome.ChromeDriver
Command: [86c2d5f3af35534cf5831140127ebf0b, findElement {using=css selector, value=a[aria-label=&#039;Read more about “Proton-M”&#039;]}]
Capabilities {acceptInsecureCerts: false, browserName: chrome, browserVersion: 118.0.5993.118, chrome: {chromedriverVersion: 118.0.5993.70 (e52f33f30b91..., userDataDir: C:\Users\DELL\AppData\Local...}, fedcm:accounts: true, goog:chromeOptions: {debuggerAddress: localhost:58087}, networkConnectionEnabled: false, pageLoadStrategy: normal, platformName: windows, proxy: Proxy(), se:cdp: ws://localhost:58087/devtoo..., se:cdpVersion: 118.0.5993.118, setWindowRect: true, strictFileInteractability: false, timeouts: {implicit: 0, pageLoad: 300000, script: 30000}, unhandledPromptBehavior: dismiss and notify, webauthn:extension:credBlob: true, webauthn:extension:largeBlob: true, webauthn:extension:minPinLength: true, webauthn:extension:prf: true, webauthn:virtualAuthenticators: true}
Session ID: 86c2d5f3af35534cf5831140127ebf0b" type="org.openqa.selenium.NoSuchElementException">
      <![CDATA[org.openqa.selenium.NoSuchElementException: no such element: Unable to locate element: {"method":"css selector","selector":"a[aria-label='Read more about “Proton-M”']"}
  (Session info: chrome=118.0.5993.118)
For documentation on this error, please visit: https://www.selenium.dev/documentation/webdriver/troubleshooting/errors#no-such-element-exception
Build info: version: '4.11.0', revision: '040bc5406b'
System info: os.name: 'Windows 10', os.arch: 'amd64', os.version: '10.0', java.version: '11.0.17'
Driver info: org.openqa.selenium.chrome.ChromeDriver
Command: [86c2d5f3af35534cf5831140127ebf0b, findElement {using=css selector, value=a[aria-label='Read more about “Proton-M”']}]
Capabilities {acceptInsecureCerts: false, browserName: chrome, browserVersion: 118.0.5993.118, chrome: {chromedriverVersion: 118.0.5993.70 (e52f33f30b91..., userDataDir: C:\Users\DELL\AppData\Local...}, fedcm:accounts: true, goog:chromeOptions: {debuggerAddress: localhost:58087}, networkConnectionEnabled: false, pageLoadStrategy: normal, platformName: windows, proxy: Proxy(), se:cdp: ws://localhost:58087/devtoo..., se:cdpVersion: 118.0.5993.118, setWindowRect: true, strictFileInteractability: false, timeouts: {implicit: 0, pageLoad: 300000, script: 30000}, unhandledPromptBehavior: dismiss and notify, webauthn:extension:credBlob: true, webauthn:extension:largeBlob: true, webauthn:extension:minPinLength: true, webauthn:extension:prf: true, webauthn:virtualAuthenticators: true}
Session ID: 86c2d5f3af35534cf5831140127ebf0b
at java.base/jdk.internal.reflect.NativeConstructorAccessorImpl.newInstance0(Native Method)
at java.base/jdk.internal.reflect.NativeConstructorAccessorImpl.newInstance(NativeConstructorAccessorImpl.java:62)
at java.base/jdk.internal.reflect.DelegatingConstructorAccessorImpl.newInstance(DelegatingConstructorAccessorImpl.java:45)
at java.base/java.lang.reflect.Constructor.newInstance(Constructor.java:490)
at org.openqa.selenium.remote.codec.w3c.W3CHttpResponseCodec.createException(W3CHttpResponseCodec.java:200)
at org.openqa.selenium.remote.codec.w3c.W3CHttpResponseCodec.decode(W3CHttpResponseCodec.java:133)
at org.openqa.selenium.remote.codec.w3c.W3CHttpResponseCodec.decode(W3CHttpResponseCodec.java:52)
at org.openqa.selenium.remote.HttpCommandExecutor.execute(HttpCommandExecutor.java:191)
at org.openqa.selenium.remote.service.DriverCommandExecutor.invokeExecute(DriverCommandExecutor.java:196)
at org.openqa.selenium.remote.service.DriverCommandExecutor.execute(DriverCommandExecutor.java:171)
at org.openqa.selenium.remote.RemoteWebDriver.execute(RemoteWebDriver.java:518)
at org.openqa.selenium.remote.ElementLocation$ElementFinder$2.findElement(ElementLocation.java:165)
at org.openqa.selenium.remote.ElementLocation.findElement(ElementLocation.java:59)
at org.openqa.selenium.remote.RemoteWebDriver.findElement(RemoteWebDriver.java:355)
at org.openqa.selenium.remote.RemoteWebDriver.findElement(RemoteWebDriver.java:349)
at org.openqa.selenium.support.pagefactory.DefaultElementLocator.findElement(DefaultElementLocator.java:68)
at org.openqa.selenium.support.pagefactory.internal.LocatingElementHandler.invoke(LocatingElementHandler.java:38)
at com.sun.proxy.$Proxy29.click(Unknown Source)
at pages.HomePage.clickOnReadMoreBtn(HomePage.java:91)
at stepDefination.HomePageTestCase.click_on_readmore_buttton_and_get_information_about_product(HomePageTestCase.java:114)
at ✽.click on readmore buttton And get information about product(file:///C:/Users/DELL/eclipse-workspace/Test/Matrimony/src/test/resources/Feature/HomePage.feature:35)
]]>
    </error>
  </testcase> <!-- runScenario -->
  <testcase classname="runnerclass.RunnerClassForBellatrix" name="runScenario" time="12.866"/>
  <testcase classname="runnerclass.RunnerClassForBellatrix" name="runScenario" time="15.942"/>
  <testcase classname="runnerclass.RunnerClassForBellatrix" name="runScenario" time="15.562"/>
  <testcase classname="runnerclass.RunnerClassForBellatrix" name="runScenario" time="26.051"/>
</testsuite> <!-- runnerclass.RunnerClassForBellatrix -->
